<?xml version="1.0" encoding="UTF-8"?>
<!-- Generated by org.testng.reporters.JUnitXMLReporter -->
<testsuite hostname="אורן-PC" failures="0" tests="5" name="Command line test" time="0.019" errors="0" timestamp="25 Jun 2020 18:24:15 GMT">
  <testcase classname="qaclickacademy.AppiumTest" name="IOSApps" time="0.007"/>
  <testcase classname="qaclickacademy.RESTAPITest" name="deleteTwitter" time="0.001"/>
  <testcase classname="qaclickacademy.RESTAPITest" name="postJira" time="0.0"/>
  <testcase classname="qaclickacademy.SeleniumTest" name="BrowserAUtomation" time="0.0"/>
  <testcase classname="qaclickacademy.SeleniumTest" name="elementsUi" time="0.0"/>
</testsuite> <!-- Command line test -->
