<?xml version="1.0" encoding="UTF-8"?>
<testng-results total="2" passed="2" failed="0" skipped="0">
  <reporter-output>
  </reporter-output>
  <suite started-at="2020-06-25T19:15:39Z" name="Suite" finished-at="2020-06-25T19:15:39Z" duration-ms="16">
    <groups>
    </groups>
    <test started-at="2020-06-25T19:15:39Z" name="Test" finished-at="2020-06-25T19:15:39Z" duration-ms="16">
      <class name="qaclickacademy.SeleniumTest">
        <test-method signature="BrowserAUtomation()[pri:0, instance:qaclickacademy.SeleniumTest@57576994]" started-at="2020-06-25T22:15:39Z" name="BrowserAUtomation" finished-at="2020-06-25T22:15:39Z" duration-ms="7" status="PASS">
          <reporter-output>
          </reporter-output>
        </test-method> <!-- BrowserAUtomation -->
        <test-method signature="elementsUi()[pri:0, instance:qaclickacademy.SeleniumTest@57576994]" started-at="2020-06-25T22:15:39Z" name="elementsUi" finished-at="2020-06-25T22:15:39Z" duration-ms="0" status="PASS">
          <reporter-output>
          </reporter-output>
        </test-method> <!-- elementsUi -->
      </class> <!-- qaclickacademy.SeleniumTest -->
    </test> <!-- Test -->
  </suite> <!-- Suite -->
</testng-results>
