<?xml version="1.0" encoding="UTF-8"?>
<testng-results ignored="0" total="1" passed="1" failed="0" skipped="0">
  <reporter-output>
  </reporter-output>
  <suite started-at="2020-06-24T22:36:12 IDT" name="Suite" finished-at="2020-06-24T22:36:12 IDT" duration-ms="40">
    <groups>
    </groups>
    <test started-at="2020-06-24T22:36:12 IDT" name="Test" finished-at="2020-06-24T22:36:12 IDT" duration-ms="40">
      <class name="qaclickacademy.AppiumTest">
        <test-method signature="IOSApps()[pri:0, instance:qaclickacademy.AppiumTest@3059cbc]" started-at="2020-06-24T22:36:12 IDT" name="IOSApps" finished-at="2020-06-24T22:36:12 IDT" duration-ms="8" status="PASS">
          <reporter-output>
          </reporter-output>
        </test-method> <!-- IOSApps -->
      </class> <!-- qaclickacademy.AppiumTest -->
    </test> <!-- Test -->
  </suite> <!-- Suite -->
</testng-results>
